{
  "stats": {
    "suites": 1,
    "tests": 1,
    "passes": 1,
    "pending": 0,
    "failures": 0,
    "start": "2023-08-07T12:14:08.155Z",
    "end": "2023-08-07T12:14:09.723Z",
    "duration": 1568,
    "testsRegistered": 1,
    "passPercent": 100,
    "pendingPercent": 0,
    "other": 0,
    "hasOther": false,
    "skipped": 0,
    "hasSkipped": false
  },
  "results": [
    {
      "uuid": "057ca49b-0493-4ae6-8586-3b8cd888eb19",
      "title": "",
      "fullFile": "cypress/tests/login-em-branco.spec.js",
      "file": "cypress/tests/login-em-branco.spec.js",
      "beforeHooks": [],
      "afterHooks": [],
      "tests": [],
      "suites": [
        {
          "uuid": "6e0d4ce7-be7b-460b-9fa1-9ab1bfdb629d",
          "title": "Login em Branco",
          "fullFile": "",
          "file": "",
          "beforeHooks": [],
          "afterHooks": [],
          "tests": [
            {
              "title": "Login com dados em branco",
              "fullTitle": "Login em Branco Login com dados em branco",
              "timedOut": null,
              "duration": 1548,
              "state": "passed",
              "speed": "slow",
              "pass": true,
              "fail": false,
              "pending": false,
              "context": null,
              "code": "cy.semDados();\ncy.contains(\"email can't be blank\").should('be.visible');",
              "err": {},
              "uuid": "a43d855a-f9c2-40d9-bef3-b299bb7faf9a",
              "parentUUID": "6e0d4ce7-be7b-460b-9fa1-9ab1bfdb629d",
              "isHook": false,
              "skipped": false
            }
          ],
          "suites": [],
          "passes": [
            "a43d855a-f9c2-40d9-bef3-b299bb7faf9a"
          ],
          "failures": [],
          "pending": [],
          "skipped": [],
          "duration": 1548,
          "root": false,
          "rootEmpty": false,
          "_timeout": 2000
        }
      ],
      "passes": [],
      "failures": [],
      "pending": [],
      "skipped": [],
      "duration": 0,
      "root": true,
      "rootEmpty": true,
      "_timeout": 2000
    }
  ],
  "meta": {
    "mocha": {
      "version": "7.0.1"
    },
    "mochawesome": {
      "options": {
        "quiet": true,
        "reportFilename": "mochawesome",
        "saveHtml": false,
        "saveJson": true,
        "consoleReporter": "spec",
        "useInlineDiffs": false,
        "code": true
      },
      "version": "7.0.1"
    },
    "marge": {
      "options": {
        "id": "default",
        "reportDir": "mochawesome-report",
        "quiet": true,
        "overwrite": false,
        "html": false,
        "json": true
      },
      "version": "6.0.1"
    }
  }
}