{
  "stats": {
    "suites": 1,
    "tests": 1,
    "passes": 1,
    "pending": 0,
    "failures": 0,
    "start": "2021-12-27T12:13:53.182Z",
    "end": "2021-12-27T12:13:55.529Z",
    "duration": 2347,
    "testsRegistered": 1,
    "passPercent": 100,
    "pendingPercent": 0,
    "other": 0,
    "hasOther": false,
    "skipped": 0,
    "hasSkipped": false
  },
  "results": [
    {
      "uuid": "3e1ae087-2f42-4aa0-a1eb-1792126ba04f",
      "title": "",
      "fullFile": "cypress/tests/acessar-feed-global.spec.js",
      "file": "cypress/tests/acessar-feed-global.spec.js",
      "beforeHooks": [],
      "afterHooks": [],
      "tests": [],
      "suites": [
        {
          "uuid": "a910cd5a-44ac-45e0-a76a-f54f2a122621",
          "title": "Acessar o feed global ",
          "fullFile": "",
          "file": "",
          "beforeHooks": [],
          "afterHooks": [],
          "tests": [
            {
              "title": "Acessar o feed global após logado ",
              "fullTitle": "Acessar o feed global  Acessar o feed global após logado ",
              "timedOut": null,
              "duration": 2315,
              "state": "passed",
              "speed": "slow",
              "pass": true,
              "fail": false,
              "pending": false,
              "context": null,
              "code": "cy.loginValido();\ncy.visit('/');\ncy.contains('Global Feed').click();",
              "err": {},
              "uuid": "c539f0fd-532b-4095-935c-caedb3cd29b5",
              "parentUUID": "a910cd5a-44ac-45e0-a76a-f54f2a122621",
              "isHook": false,
              "skipped": false
            }
          ],
          "suites": [],
          "passes": [
            "c539f0fd-532b-4095-935c-caedb3cd29b5"
          ],
          "failures": [],
          "pending": [],
          "skipped": [],
          "duration": 2315,
          "root": false,
          "rootEmpty": false,
          "_timeout": 2000
        }
      ],
      "passes": [],
      "failures": [],
      "pending": [],
      "skipped": [],
      "duration": 0,
      "root": true,
      "rootEmpty": true,
      "_timeout": 2000
    }
  ],
  "meta": {
    "mocha": {
      "version": "7.0.1"
    },
    "mochawesome": {
      "options": {
        "quiet": true,
        "reportFilename": "mochawesome",
        "saveHtml": false,
        "saveJson": true,
        "consoleReporter": "spec",
        "useInlineDiffs": false,
        "code": true
      },
      "version": "7.0.1"
    },
    "marge": {
      "options": {
        "id": "default",
        "reportDir": "mochawesome-report",
        "quiet": true,
        "overwrite": false,
        "html": false,
        "json": true
      },
      "version": "6.0.1"
    }
  }
}