{
  "stats": {
    "suites": 1,
    "tests": 1,
    "passes": 1,
    "pending": 0,
    "failures": 0,
    "start": "2021-12-13T00:50:59.185Z",
    "end": "2021-12-13T00:51:03.028Z",
    "duration": 3843,
    "testsRegistered": 1,
    "passPercent": 100,
    "pendingPercent": 0,
    "other": 0,
    "hasOther": false,
    "skipped": 0,
    "hasSkipped": false
  },
  "results": [
    {
      "uuid": "11bc8524-c8fd-4ddd-890a-3a00b4347b10",
      "title": "",
      "fullFile": "cypress/tests/criação-de-artigo.spec.js",
      "file": "cypress/tests/criação-de-artigo.spec.js",
      "beforeHooks": [],
      "afterHooks": [],
      "tests": [],
      "suites": [
        {
          "uuid": "6f88e2ba-e3fd-407f-a510-17e4d772d935",
          "title": "Articles",
          "fullFile": "",
          "file": "",
          "beforeHooks": [],
          "afterHooks": [],
          "tests": [
            {
              "title": "Cadastro de novo artigo com sucesso",
              "fullTitle": "Articles Cadastro de novo artigo com sucesso",
              "timedOut": null,
              "duration": 3820,
              "state": "passed",
              "speed": "slow",
              "pass": true,
              "fail": false,
              "pending": false,
              "context": null,
              "code": "_articles.default.acessarOFormulario();\n_articles.default.preencherFormulario();\n_articles.default.submeterFormulario();\n_articles.default.verificarSeOArtigoFoiCriado();",
              "err": {},
              "uuid": "c0675220-84d3-4306-8afb-f728da4792a9",
              "parentUUID": "6f88e2ba-e3fd-407f-a510-17e4d772d935",
              "isHook": false,
              "skipped": false
            }
          ],
          "suites": [],
          "passes": [
            "c0675220-84d3-4306-8afb-f728da4792a9"
          ],
          "failures": [],
          "pending": [],
          "skipped": [],
          "duration": 3820,
          "root": false,
          "rootEmpty": false,
          "_timeout": 2000
        }
      ],
      "passes": [],
      "failures": [],
      "pending": [],
      "skipped": [],
      "duration": 0,
      "root": true,
      "rootEmpty": true,
      "_timeout": 2000
    }
  ],
  "meta": {
    "mocha": {
      "version": "7.0.1"
    },
    "mochawesome": {
      "options": {
        "quiet": true,
        "reportFilename": "mochawesome",
        "saveHtml": false,
        "saveJson": true,
        "consoleReporter": "spec",
        "useInlineDiffs": false,
        "code": true
      },
      "version": "7.0.1"
    },
    "marge": {
      "options": {
        "id": "default",
        "reportDir": "mochawesome-report",
        "quiet": true,
        "overwrite": false,
        "html": false,
        "json": true
      },
      "version": "6.0.1"
    }
  }
}