{
  "stats": {
    "suites": 1,
    "tests": 1,
    "passes": 1,
    "pending": 0,
    "failures": 0,
    "start": "2022-09-11T12:16:45.049Z",
    "end": "2022-09-11T12:16:47.338Z",
    "duration": 2289,
    "testsRegistered": 1,
    "passPercent": 100,
    "pendingPercent": 0,
    "other": 0,
    "hasOther": false,
    "skipped": 0,
    "hasSkipped": false
  },
  "results": [
    {
      "uuid": "81a00afb-d9fd-4441-a858-8fbbf60c9094",
      "title": "",
      "fullFile": "cypress/tests/login-valido-com-artigo.spec.js",
      "file": "cypress/tests/login-valido-com-artigo.spec.js",
      "beforeHooks": [],
      "afterHooks": [],
      "tests": [],
      "suites": [
        {
          "uuid": "ea744757-f46e-40a7-aef4-ace102f40c47",
          "title": "Logins com artigo publicado",
          "fullFile": "",
          "file": "",
          "beforeHooks": [],
          "afterHooks": [],
          "tests": [
            {
              "title": "Login valido com artigo publicado",
              "fullTitle": "Logins com artigo publicado Login valido com artigo publicado",
              "timedOut": null,
              "duration": 2228,
              "state": "passed",
              "speed": "slow",
              "pass": true,
              "fail": false,
              "pending": false,
              "context": null,
              "code": "cy.loginValido();\ncy.visit('/');\ncy.contains('Read more...').should('be.visible');",
              "err": {},
              "uuid": "4d67b232-46e3-4e01-8e41-89b7d864ec0c",
              "parentUUID": "ea744757-f46e-40a7-aef4-ace102f40c47",
              "isHook": false,
              "skipped": false
            }
          ],
          "suites": [],
          "passes": [
            "4d67b232-46e3-4e01-8e41-89b7d864ec0c"
          ],
          "failures": [],
          "pending": [],
          "skipped": [],
          "duration": 2228,
          "root": false,
          "rootEmpty": false,
          "_timeout": 2000
        }
      ],
      "passes": [],
      "failures": [],
      "pending": [],
      "skipped": [],
      "duration": 0,
      "root": true,
      "rootEmpty": true,
      "_timeout": 2000
    }
  ],
  "meta": {
    "mocha": {
      "version": "7.0.1"
    },
    "mochawesome": {
      "options": {
        "quiet": true,
        "reportFilename": "mochawesome",
        "saveHtml": false,
        "saveJson": true,
        "consoleReporter": "spec",
        "useInlineDiffs": false,
        "code": true
      },
      "version": "7.0.1"
    },
    "marge": {
      "options": {
        "id": "default",
        "reportDir": "mochawesome-report",
        "quiet": true,
        "overwrite": false,
        "html": false,
        "json": true
      },
      "version": "6.0.1"
    }
  }
}