{
  "stats": {
    "suites": 1,
    "tests": 1,
    "passes": 1,
    "pending": 0,
    "failures": 0,
    "start": "2022-05-23T12:16:39.929Z",
    "end": "2022-05-23T12:16:42.484Z",
    "duration": 2555,
    "testsRegistered": 1,
    "passPercent": 100,
    "pendingPercent": 0,
    "other": 0,
    "hasOther": false,
    "skipped": 0,
    "hasSkipped": false
  },
  "results": [
    {
      "uuid": "80f95172-2a85-434a-b55f-95de81a16ff1",
      "title": "",
      "fullFile": "cypress/tests/login-valido-com-artigo.spec.js",
      "file": "cypress/tests/login-valido-com-artigo.spec.js",
      "beforeHooks": [],
      "afterHooks": [],
      "tests": [],
      "suites": [
        {
          "uuid": "689546c1-34e8-4b50-b7b1-c1fb027a6848",
          "title": "Logins com artigo publicado",
          "fullFile": "",
          "file": "",
          "beforeHooks": [],
          "afterHooks": [],
          "tests": [
            {
              "title": "Login valido com artigo publicado",
              "fullTitle": "Logins com artigo publicado Login valido com artigo publicado",
              "timedOut": null,
              "duration": 2495,
              "state": "passed",
              "speed": "slow",
              "pass": true,
              "fail": false,
              "pending": false,
              "context": null,
              "code": "cy.loginValido();\ncy.visit('/');\ncy.contains('Read more...').should('be.visible');",
              "err": {},
              "uuid": "dd8d8357-0879-4b44-b76d-f833470b1659",
              "parentUUID": "689546c1-34e8-4b50-b7b1-c1fb027a6848",
              "isHook": false,
              "skipped": false
            }
          ],
          "suites": [],
          "passes": [
            "dd8d8357-0879-4b44-b76d-f833470b1659"
          ],
          "failures": [],
          "pending": [],
          "skipped": [],
          "duration": 2495,
          "root": false,
          "rootEmpty": false,
          "_timeout": 2000
        }
      ],
      "passes": [],
      "failures": [],
      "pending": [],
      "skipped": [],
      "duration": 0,
      "root": true,
      "rootEmpty": true,
      "_timeout": 2000
    }
  ],
  "meta": {
    "mocha": {
      "version": "7.0.1"
    },
    "mochawesome": {
      "options": {
        "quiet": true,
        "reportFilename": "mochawesome",
        "saveHtml": false,
        "saveJson": true,
        "consoleReporter": "spec",
        "useInlineDiffs": false,
        "code": true
      },
      "version": "7.0.1"
    },
    "marge": {
      "options": {
        "id": "default",
        "reportDir": "mochawesome-report",
        "quiet": true,
        "overwrite": false,
        "html": false,
        "json": true
      },
      "version": "6.0.1"
    }
  }
}