{
  "stats": {
    "suites": 1,
    "tests": 1,
    "passes": 1,
    "pending": 0,
    "failures": 0,
    "start": "2022-11-28T12:16:00.352Z",
    "end": "2022-11-28T12:16:02.242Z",
    "duration": 1890,
    "testsRegistered": 1,
    "passPercent": 100,
    "pendingPercent": 0,
    "other": 0,
    "hasOther": false,
    "skipped": 0,
    "hasSkipped": false
  },
  "results": [
    {
      "uuid": "52eca039-4a65-4eff-8c27-9610402e284b",
      "title": "",
      "fullFile": "cypress/tests/login-em-branco.spec.js",
      "file": "cypress/tests/login-em-branco.spec.js",
      "beforeHooks": [],
      "afterHooks": [],
      "tests": [],
      "suites": [
        {
          "uuid": "48f6ccec-d3d3-4b77-8226-82cefceee1d0",
          "title": "Login em Branco",
          "fullFile": "",
          "file": "",
          "beforeHooks": [],
          "afterHooks": [],
          "tests": [
            {
              "title": "Login com dados em branco",
              "fullTitle": "Login em Branco Login com dados em branco",
              "timedOut": null,
              "duration": 1855,
              "state": "passed",
              "speed": "slow",
              "pass": true,
              "fail": false,
              "pending": false,
              "context": null,
              "code": "cy.semDados();\ncy.contains(\"email can't be blank\").should('be.visible');",
              "err": {},
              "uuid": "9d9d1b7a-4b1c-4178-9c15-ebebd2ee3485",
              "parentUUID": "48f6ccec-d3d3-4b77-8226-82cefceee1d0",
              "isHook": false,
              "skipped": false
            }
          ],
          "suites": [],
          "passes": [
            "9d9d1b7a-4b1c-4178-9c15-ebebd2ee3485"
          ],
          "failures": [],
          "pending": [],
          "skipped": [],
          "duration": 1855,
          "root": false,
          "rootEmpty": false,
          "_timeout": 2000
        }
      ],
      "passes": [],
      "failures": [],
      "pending": [],
      "skipped": [],
      "duration": 0,
      "root": true,
      "rootEmpty": true,
      "_timeout": 2000
    }
  ],
  "meta": {
    "mocha": {
      "version": "7.0.1"
    },
    "mochawesome": {
      "options": {
        "quiet": true,
        "reportFilename": "mochawesome",
        "saveHtml": false,
        "saveJson": true,
        "consoleReporter": "spec",
        "useInlineDiffs": false,
        "code": true
      },
      "version": "7.0.1"
    },
    "marge": {
      "options": {
        "id": "default",
        "reportDir": "mochawesome-report",
        "quiet": true,
        "overwrite": false,
        "html": false,
        "json": true
      },
      "version": "6.0.1"
    }
  }
}