{
  "stats": {
    "suites": 1,
    "tests": 1,
    "passes": 1,
    "pending": 0,
    "failures": 0,
    "start": "2022-02-07T12:11:23.655Z",
    "end": "2022-02-07T12:11:26.564Z",
    "duration": 2909,
    "testsRegistered": 1,
    "passPercent": 100,
    "pendingPercent": 0,
    "other": 0,
    "hasOther": false,
    "skipped": 0,
    "hasSkipped": false
  },
  "results": [
    {
      "uuid": "6f1c70ae-b8f7-4a60-81e6-6fb73e14897d",
      "title": "",
      "fullFile": "cypress/tests/acessar-feed-global.spec.js",
      "file": "cypress/tests/acessar-feed-global.spec.js",
      "beforeHooks": [],
      "afterHooks": [],
      "tests": [],
      "suites": [
        {
          "uuid": "73d4b4dd-c0bf-4251-821b-8ebf66ef867f",
          "title": "Acessar o feed global ",
          "fullFile": "",
          "file": "",
          "beforeHooks": [],
          "afterHooks": [],
          "tests": [
            {
              "title": "Acessar o feed global após logado ",
              "fullTitle": "Acessar o feed global  Acessar o feed global após logado ",
              "timedOut": null,
              "duration": 2881,
              "state": "passed",
              "speed": "slow",
              "pass": true,
              "fail": false,
              "pending": false,
              "context": null,
              "code": "cy.loginValido();\ncy.visit('/');\ncy.contains('Global Feed').click();",
              "err": {},
              "uuid": "144230b7-196d-4b59-bd4e-5e4a0cdf7bdf",
              "parentUUID": "73d4b4dd-c0bf-4251-821b-8ebf66ef867f",
              "isHook": false,
              "skipped": false
            }
          ],
          "suites": [],
          "passes": [
            "144230b7-196d-4b59-bd4e-5e4a0cdf7bdf"
          ],
          "failures": [],
          "pending": [],
          "skipped": [],
          "duration": 2881,
          "root": false,
          "rootEmpty": false,
          "_timeout": 2000
        }
      ],
      "passes": [],
      "failures": [],
      "pending": [],
      "skipped": [],
      "duration": 0,
      "root": true,
      "rootEmpty": true,
      "_timeout": 2000
    }
  ],
  "meta": {
    "mocha": {
      "version": "7.0.1"
    },
    "mochawesome": {
      "options": {
        "quiet": true,
        "reportFilename": "mochawesome",
        "saveHtml": false,
        "saveJson": true,
        "consoleReporter": "spec",
        "useInlineDiffs": false,
        "code": true
      },
      "version": "7.0.1"
    },
    "marge": {
      "options": {
        "id": "default",
        "reportDir": "mochawesome-report",
        "quiet": true,
        "overwrite": false,
        "html": false,
        "json": true
      },
      "version": "6.0.1"
    }
  }
}