{
  "stats": {
    "suites": 1,
    "tests": 1,
    "passes": 1,
    "pending": 0,
    "failures": 0,
    "start": "2023-01-16T12:14:49.576Z",
    "end": "2023-01-16T12:14:51.475Z",
    "duration": 1899,
    "testsRegistered": 1,
    "passPercent": 100,
    "pendingPercent": 0,
    "other": 0,
    "hasOther": false,
    "skipped": 0,
    "hasSkipped": false
  },
  "results": [
    {
      "uuid": "b9c72274-78c0-4636-8631-3e4159da9599",
      "title": "",
      "fullFile": "cypress/tests/login-invalido.spec.js",
      "file": "cypress/tests/login-invalido.spec.js",
      "beforeHooks": [],
      "afterHooks": [],
      "tests": [],
      "suites": [
        {
          "uuid": "6fff5fd9-0947-4bec-b835-6eab7f913ce1",
          "title": "Login com dados inválidos",
          "fullFile": "",
          "file": "",
          "beforeHooks": [],
          "afterHooks": [],
          "tests": [
            {
              "title": "Login com credenciais inválidas ",
              "fullTitle": "Login com dados inválidos Login com credenciais inválidas ",
              "timedOut": null,
              "duration": 1871,
              "state": "passed",
              "speed": "slow",
              "pass": true,
              "fail": false,
              "pending": false,
              "context": null,
              "code": "cy.invalido();\ncy.contains('email or password is invalid').should('be.visible');",
              "err": {},
              "uuid": "c82baffa-c4d8-4bf2-8a80-1c958977c937",
              "parentUUID": "6fff5fd9-0947-4bec-b835-6eab7f913ce1",
              "isHook": false,
              "skipped": false
            }
          ],
          "suites": [],
          "passes": [
            "c82baffa-c4d8-4bf2-8a80-1c958977c937"
          ],
          "failures": [],
          "pending": [],
          "skipped": [],
          "duration": 1871,
          "root": false,
          "rootEmpty": false,
          "_timeout": 2000
        }
      ],
      "passes": [],
      "failures": [],
      "pending": [],
      "skipped": [],
      "duration": 0,
      "root": true,
      "rootEmpty": true,
      "_timeout": 2000
    }
  ],
  "meta": {
    "mocha": {
      "version": "7.0.1"
    },
    "mochawesome": {
      "options": {
        "quiet": true,
        "reportFilename": "mochawesome",
        "saveHtml": false,
        "saveJson": true,
        "consoleReporter": "spec",
        "useInlineDiffs": false,
        "code": true
      },
      "version": "7.0.1"
    },
    "marge": {
      "options": {
        "id": "default",
        "reportDir": "mochawesome-report",
        "quiet": true,
        "overwrite": false,
        "html": false,
        "json": true
      },
      "version": "6.0.1"
    }
  }
}