{
  "stats": {
    "suites": 1,
    "tests": 1,
    "passes": 1,
    "pending": 0,
    "failures": 0,
    "start": "2021-12-27T12:13:58.829Z",
    "end": "2021-12-27T12:14:02.616Z",
    "duration": 3787,
    "testsRegistered": 1,
    "passPercent": 100,
    "pendingPercent": 0,
    "other": 0,
    "hasOther": false,
    "skipped": 0,
    "hasSkipped": false
  },
  "results": [
    {
      "uuid": "5d8b70f1-08fa-468f-99c3-209f2ea413f3",
      "title": "",
      "fullFile": "cypress/tests/criação-de-artigo.spec.js",
      "file": "cypress/tests/criação-de-artigo.spec.js",
      "beforeHooks": [],
      "afterHooks": [],
      "tests": [],
      "suites": [
        {
          "uuid": "0d43ab8d-74eb-48f5-b633-ba59233f563c",
          "title": "Articles",
          "fullFile": "",
          "file": "",
          "beforeHooks": [],
          "afterHooks": [],
          "tests": [
            {
              "title": "Cadastro de novo artigo com sucesso",
              "fullTitle": "Articles Cadastro de novo artigo com sucesso",
              "timedOut": null,
              "duration": 3705,
              "state": "passed",
              "speed": "slow",
              "pass": true,
              "fail": false,
              "pending": false,
              "context": null,
              "code": "_articles.default.acessarOFormulario();\n_articles.default.preencherFormulario();\n_articles.default.submeterFormulario();\n_articles.default.verificarSeOArtigoFoiCriado();",
              "err": {},
              "uuid": "e95656cb-9143-47d7-a40a-052e1314e2a3",
              "parentUUID": "0d43ab8d-74eb-48f5-b633-ba59233f563c",
              "isHook": false,
              "skipped": false
            }
          ],
          "suites": [],
          "passes": [
            "e95656cb-9143-47d7-a40a-052e1314e2a3"
          ],
          "failures": [],
          "pending": [],
          "skipped": [],
          "duration": 3705,
          "root": false,
          "rootEmpty": false,
          "_timeout": 2000
        }
      ],
      "passes": [],
      "failures": [],
      "pending": [],
      "skipped": [],
      "duration": 0,
      "root": true,
      "rootEmpty": true,
      "_timeout": 2000
    }
  ],
  "meta": {
    "mocha": {
      "version": "7.0.1"
    },
    "mochawesome": {
      "options": {
        "quiet": true,
        "reportFilename": "mochawesome",
        "saveHtml": false,
        "saveJson": true,
        "consoleReporter": "spec",
        "useInlineDiffs": false,
        "code": true
      },
      "version": "7.0.1"
    },
    "marge": {
      "options": {
        "id": "default",
        "reportDir": "mochawesome-report",
        "quiet": true,
        "overwrite": false,
        "html": false,
        "json": true
      },
      "version": "6.0.1"
    }
  }
}